app/build/outputs/logs/manifest-merger-debug-report.txt
-- Merging decision tree log ---
manifest
ADDED from src\main\AndroidManifest.xml:1:1-97:12
INJECTED from src\main\AndroidManifest.xml:1:1-97:12
INJECTED from src\main\AndroidManifest.xml:1:1-97:12
INJECTED from src\main\AndroidManifest.xml:1:1-97:12
MERGED from [com.android.support:design:28.0.0] AndroidManifest.xml:17:1-24:12
MERGED from [com.android.support:appcompat-v7:28.0.0] AndroidManifest.xml:17:1-22:12
MERGED from [com.android.support:support-v4:28.0.0] AndroidManifest.xml:17:1-22:12
MERGED from [com.android.support:cardview-v7:28.0.0] AndroidManifest.xml:17:1-22:12
MERGED from [me.himanshusoni.chatmessageview:chat-message-view:1.0.3] AndroidManifest.xml:2:1-16:12
MERGED from [com.android.support:support-fragment:28.0.0] AndroidManifest.xml:17:1-22:12
MERGED from [com.android.support:animated-vector-drawable:28.0.0] AndroidManifest.xml:17:1-22:12
MERGED from [com.android.support:recyclerview-v7:28.0.0] AndroidManifest.xml:17:1-22:12
MERGED from [com.android.support:support-core-ui:28.0.0] AndroidManifest.xml:17:1-22:12
MERGED from [com.android.support:support-core-utils:28.0.0] AndroidManifest.xml:17:1-22:12
MERGED from [com.android.support:support-vector-drawable:28.0.0] AndroidManifest.xml:17:1-22:12
MERGED from [com.android.support:support-media-compat:28.0.0] AndroidManifest.xml:17:1-22:12
MERGED from [com.android.support:transition:28.0.0] AndroidManifest.xml:17:1-22:12
MERGED from [com.android.support:loader:28.0.0] AndroidManifest.xml:17:1-22:12
MERGED from [com.android.support:viewpager:28.0.0] AndroidManifest.xml:17:1-22:12
MERGED from [com.android.support:coordinatorlayout:28.0.0] AndroidManifest.xml:17:1-22:12
MERGED from [com.android.support:drawerlayout:28.0.0] AndroidManifest.xml:17:1-22:12
MERGED from [com.android.support:slidingpanelayout:28.0.0] AndroidManifest.xml:17:1-22:12
MERGED from [com.android.support:customview:28.0.0] AndroidManifest.xml:17:1-22:12
MERGED from [com.android.support:swiperefreshlayout:28.0.0] AndroidManifest.xml:17:1-22:12
MERGED from [com.android.support:asynclayoutinflater:28.0.0] AndroidManifest.xml:17:1-22:12
MERGED from [com.android.support:support-compat:28.0.0] AndroidManifest.xml:17:1-24:12
MERGED from [com.android.support:versionedparcelable:28.0.0] AndroidManifest.xml:17:1-25:12
MERGED from [com.android.support:cursoradapter:28.0.0] AndroidManifest.xml:17:1-22:12
MERGED from [android.arch.lifecycle:runtime:1.1.1] AndroidManifest.xml:17:1-22:12
MERGED from [com.android.support:documentfile:28.0.0] AndroidManifest.xml:17:1-22:12
MERGED from [com.android.support:localbroadcastmanager:28.0.0] AndroidManifest.xml:17:1-22:12
MERGED from [com.android.support:print:28.0.0] AndroidManifest.xml:17:1-22:12
MERGED from [android.arch.lifecycle:viewmodel:1.1.1] AndroidManifest.xml:17:1-22:12
MERGED from [com.android.support:interpolator:28.0.0] AndroidManifest.xml:17:1-22:12
MERGED from [android.arch.lifecycle:livedata:1.1.1] AndroidManifest.xml:17:1-22:12
MERGED from [android.arch.lifecycle:livedata-core:1.1.1] AndroidManifest.xml:17:1-22:12
MERGED from [android.arch.core:runtime:1.1.1] AndroidManifest.xml:17:1-22:12
INJECTED from src\main\AndroidManifest.xml:1:1-97:12
INJECTED from src\main\AndroidManifest.xml:1:1-97:12
INJECTED from src\main\AndroidManifest.xml:1:1-97:12
	package
		ADDED from src\main\AndroidManifest.xml:3:2-29
		INJECTED from src\main\AndroidManifest.xml
		INJECTED from src\main\AndroidManifest.xml
	android:versionName
		INJECTED from src\main\AndroidManifest.xml
		ADDED from src\main\AndroidManifest.xml:1:1-97:12
		INJECTED from src\main\AndroidManifest.xml
	xmlns:tools
		ADDED from src\main\AndroidManifest.xml:2:2-48
	android:versionCode
		INJECTED from src\main\AndroidManifest.xml
		ADDED from src\main\AndroidManifest.xml:1:1-97:12
		INJECTED from src\main\AndroidManifest.xml
	xmlns:android
		ADDED from src\main\AndroidManifest.xml:1:11-69
uses-permission#android.permission.INTERNET
ADDED from src\main\AndroidManifest.xml:4:2-63
	android:name
		ADDED from src\main\AndroidManifest.xml:4:19-61
uses-permission#android.permission.ACCESS_NETWORK_STATE
ADDED from src\main\AndroidManifest.xml:5:2-75
	android:name
		ADDED from src\main\AndroidManifest.xml:5:19-73
uses-permission#android.permission.READ_EXTERNAL_STORAGE
ADDED from src\main\AndroidManifest.xml:6:2-76
	android:name
		ADDED from src\main\AndroidManifest.xml:6:19-74
uses-permission#android.permission.WRITE_EXTERNAL_STORAGE
ADDED from src\main\AndroidManifest.xml:7:2-79
	android:name
		ADDED from src\main\AndroidManifest.xml:7:20-76
application
ADDED from src\main\AndroidManifest.xml:8:2-96:16
MERGED from [com.android.support:design:28.0.0] AndroidManifest.xml:22:5-20
MERGED from [com.android.support:design:28.0.0] AndroidManifest.xml:22:5-20
MERGED from [me.himanshusoni.chatmessageview:chat-message-view:1.0.3] AndroidManifest.xml:11:5-14:19
MERGED from [me.himanshusoni.chatmessageview:chat-message-view:1.0.3] AndroidManifest.xml:11:5-14:19
MERGED from [com.android.support:support-compat:28.0.0] AndroidManifest.xml:22:5-94
MERGED from [com.android.support:support-compat:28.0.0] AndroidManifest.xml:22:5-94
MERGED from [com.android.support:versionedparcelable:28.0.0] AndroidManifest.xml:22:5-23:19
MERGED from [com.android.support:versionedparcelable:28.0.0] AndroidManifest.xml:22:5-23:19
	android:appComponentFactory
		ADDED from [com.android.support:support-compat:28.0.0] AndroidManifest.xml:22:18-91
	android:supportsRtl
		ADDED from src\main\AndroidManifest.xml:14:3-29
	android:label
		ADDED from src\main\AndroidManifest.xml:11:3-33
		REJECTED from [me.himanshusoni.chatmessageview:chat-message-view:1.0.3] AndroidManifest.xml:13:9-41
	android:largeHeap
		ADDED from src\main\AndroidManifest.xml:13:3-27
	android:icon
		ADDED from src\main\AndroidManifest.xml:12:3-36
	android:allowBackup
		ADDED from src\main\AndroidManifest.xml:10:3-29
		REJECTED from [me.himanshusoni.chatmessageview:chat-message-view:1.0.3] AndroidManifest.xml:12:9-35
	android:theme
		ADDED from src\main\AndroidManifest.xml:15:3-34
	tools:replace
		ADDED from src\main\AndroidManifest.xml:9:3-37
activity#com.wisatabandung.MainActivity
ADDED from src\main\AndroidManifest.xml:16:3-25:14
	android:screenOrientation
		ADDED from src\main\AndroidManifest.xml:20:4-40
	android:configChanges
		ADDED from src\main\AndroidManifest.xml:18:4-50
	android:theme
		ADDED from src\main\AndroidManifest.xml:19:4-37
	android:name
		ADDED from src\main\AndroidManifest.xml:17:4-32
intent-filter#action:name:android.intent.action.MAIN+category:name:android.intent.category.LAUNCHER
ADDED from src\main\AndroidManifest.xml:21:4-24:20
action#android.intent.action.MAIN
ADDED from src\main\AndroidManifest.xml:22:5-56
	android:name
		ADDED from src\main\AndroidManifest.xml:22:13-54
category#android.intent.category.LAUNCHER
ADDED from src\main\AndroidManifest.xml:23:5-64
	android:name
		ADDED from src\main\AndroidManifest.xml:23:15-62
activity#com.wisatabandung.MenuActivity
ADDED from src\main\AndroidManifest.xml:26:3-30:42
	android:screenOrientation
		ADDED from src\main\AndroidManifest.xml:30:4-40
	android:configChanges
		ADDED from src\main\AndroidManifest.xml:28:4-50
	android:theme
		ADDED from src\main\AndroidManifest.xml:29:4-37
	android:name
		ADDED from src\main\AndroidManifest.xml:27:4-32
activity#com.wisatabandung.FarmhouseActivity
ADDED from src\main\AndroidManifest.xml:31:3-35:42
	android:screenOrientation
		ADDED from src\main\AndroidManifest.xml:35:4-40
	android:configChanges
		ADDED from src\main\AndroidManifest.xml:33:4-50
	android:theme
		ADDED from src\main\AndroidManifest.xml:34:4-37
	android:name
		ADDED from src\main\AndroidManifest.xml:32:4-37
activity#com.wisatabandung.KebunActivity
ADDED from src\main\AndroidManifest.xml:36:3-40:42
	android:screenOrientation
		ADDED from src\main\AndroidManifest.xml:40:4-40
	android:configChanges
		ADDED from src\main\AndroidManifest.xml:38:4-50
	android:theme
		ADDED from src\main\AndroidManifest.xml:39:4-37
	android:name
		ADDED from src\main\AndroidManifest.xml:37:4-33
activity#com.wisatabandung.CimahiActivity
ADDED from src\main\AndroidManifest.xml:41:3-45:42
	android:screenOrientation
		ADDED from src\main\AndroidManifest.xml:45:4-40
	android:configChanges
		ADDED from src\main\AndroidManifest.xml:43:4-50
	android:theme
		ADDED from src\main\AndroidManifest.xml:44:4-37
	android:name
		ADDED from src\main\AndroidManifest.xml:42:4-34
activity#com.wisatabandung.SituActivity
ADDED from src\main\AndroidManifest.xml:46:3-50:42
	android:screenOrientation
		ADDED from src\main\AndroidManifest.xml:50:4-40
	android:configChanges
		ADDED from src\main\AndroidManifest.xml:48:4-50
	android:theme
		ADDED from src\main\AndroidManifest.xml:49:4-37
	android:name
		ADDED from src\main\AndroidManifest.xml:47:4-32
activity#com.wisatabandung.GunungActivity
ADDED from src\main\AndroidManifest.xml:51:3-55:42
	android:screenOrientation
		ADDED from src\main\AndroidManifest.xml:55:4-40
	android:configChanges
		ADDED from src\main\AndroidManifest.xml:53:4-50
	android:theme
		ADDED from src\main\AndroidManifest.xml:54:4-37
	android:name
		ADDED from src\main\AndroidManifest.xml:52:4-34
activity#com.wisatabandung.CinuActivity
ADDED from src\main\AndroidManifest.xml:56:3-60:42
	android:screenOrientation
		ADDED from src\main\AndroidManifest.xml:60:4-40
	android:configChanges
		ADDED from src\main\AndroidManifest.xml:58:4-50
	android:theme
		ADDED from src\main\AndroidManifest.xml:59:4-37
	android:name
		ADDED from src\main\AndroidManifest.xml:57:4-32
activity#com.wisatabandung.MaribayaActivity
ADDED from src\main\AndroidManifest.xml:61:3-65:42
	android:screenOrientation
		ADDED from src\main\AndroidManifest.xml:65:4-40
	android:configChanges
		ADDED from src\main\AndroidManifest.xml:63:4-50
	android:theme
		ADDED from src\main\AndroidManifest.xml:64:4-37
	android:name
		ADDED from src\main\AndroidManifest.xml:62:4-36
activity#com.wisatabandung.TebingActivity
ADDED from src\main\AndroidManifest.xml:66:3-70:42
	android:screenOrientation
		ADDED from src\main\AndroidManifest.xml:70:4-40
	android:configChanges
		ADDED from src\main\AndroidManifest.xml:68:4-50
	android:theme
		ADDED from src\main\AndroidManifest.xml:69:4-37
	android:name
		ADDED from src\main\AndroidManifest.xml:67:4-34
activity#com.wisatabandung.BambuActivity
ADDED from src\main\AndroidManifest.xml:71:3-75:42
	android:screenOrientation
		ADDED from src\main\AndroidManifest.xml:75:4-40
	android:configChanges
		ADDED from src\main\AndroidManifest.xml:73:4-50
	android:theme
		ADDED from src\main\AndroidManifest.xml:74:4-37
	android:name
		ADDED from src\main\AndroidManifest.xml:72:4-33
activity#com.wisatabandung.KareumbiActivity
ADDED from src\main\AndroidManifest.xml:76:3-80:42
	android:screenOrientation
		ADDED from src\main\AndroidManifest.xml:80:4-40
	android:configChanges
		ADDED from src\main\AndroidManifest.xml:78:4-50
	android:theme
		ADDED from src\main\AndroidManifest.xml:79:4-37
	android:name
		ADDED from src\main\AndroidManifest.xml:77:4-36
activity#com.wisatabandung.MessageActivity
ADDED from src\main\AndroidManifest.xml:81:3-82:37
	android:name
		ADDED from src\main\AndroidManifest.xml:82:4-35
activity#com.wisatabandung.ProfilActivity
ADDED from src\main\AndroidManifest.xml:83:3-87:42
	android:screenOrientation
		ADDED from src\main\AndroidManifest.xml:87:4-40
	android:configChanges
		ADDED from src\main\AndroidManifest.xml:85:4-50
	android:theme
		ADDED from src\main\AndroidManifest.xml:86:4-37
	android:name
		ADDED from src\main\AndroidManifest.xml:84:4-34
activity#com.wisatabandung.TiketActivity
ADDED from src\main\AndroidManifest.xml:88:3-92:42
	android:screenOrientation
		ADDED from src\main\AndroidManifest.xml:92:4-40
	android:configChanges
		ADDED from src\main\AndroidManifest.xml:90:4-50
	android:theme
		ADDED from src\main\AndroidManifest.xml:91:4-37
	android:name
		ADDED from src\main\AndroidManifest.xml:89:4-33
uses-library#org.apache.http.legacy
ADDED from src\main\AndroidManifest.xml:93:3-95:30
	android:required
		ADDED from src\main\AndroidManifest.xml:95:4-28
	android:name
		ADDED from src\main\AndroidManifest.xml:94:4-41
uses-sdk
INJECTED from src\main\AndroidManifest.xml reason: use-sdk injection requested
INJECTED from src\main\AndroidManifest.xml
INJECTED from src\main\AndroidManifest.xml
MERGED from [com.android.support:design:28.0.0] AndroidManifest.xml:20:5-44
MERGED from [com.android.support:design:28.0.0] AndroidManifest.xml:20:5-44
MERGED from [com.android.support:appcompat-v7:28.0.0] AndroidManifest.xml:20:5-44
MERGED from [com.android.support:appcompat-v7:28.0.0] AndroidManifest.xml:20:5-44
MERGED from [com.android.support:support-v4:28.0.0] AndroidManifest.xml:20:5-44
MERGED from [com.android.support:support-v4:28.0.0] AndroidManifest.xml:20:5-44
MERGED from [com.android.support:cardview-v7:28.0.0] AndroidManifest.xml:20:5-44
MERGED from [com.android.support:cardview-v7:28.0.0] AndroidManifest.xml:20:5-44
MERGED from [me.himanshusoni.chatmessageview:chat-message-view:1.0.3] AndroidManifest.xml:7:5-9:41
MERGED from [me.himanshusoni.chatmessageview:chat-message-view:1.0.3] AndroidManifest.xml:7:5-9:41
MERGED from [com.android.support:support-fragment:28.0.0] AndroidManifest.xml:20:5-44
MERGED from [com.android.support:support-fragment:28.0.0] AndroidManifest.xml:20:5-44
MERGED from [com.android.support:animated-vector-drawable:28.0.0] AndroidManifest.xml:20:5-44
MERGED from [com.android.support:animated-vector-drawable:28.0.0] AndroidManifest.xml:20:5-44
MERGED from [com.android.support:recyclerview-v7:28.0.0] AndroidManifest.xml:20:5-44
MERGED from [com.android.support:recyclerview-v7:28.0.0] AndroidManifest.xml:20:5-44
MERGED from [com.android.support:support-core-ui:28.0.0] AndroidManifest.xml:20:5-44
MERGED from [com.android.support:support-core-ui:28.0.0] AndroidManifest.xml:20:5-44
MERGED from [com.android.support:support-core-utils:28.0.0] AndroidManifest.xml:20:5-44
MERGED from [com.android.support:support-core-utils:28.0.0] AndroidManifest.xml:20:5-44
MERGED from [com.android.support:support-vector-drawable:28.0.0] AndroidManifest.xml:20:5-44
MERGED from [com.android.support:support-vector-drawable:28.0.0] AndroidManifest.xml:20:5-44
MERGED from [com.android.support:support-media-compat:28.0.0] AndroidManifest.xml:20:5-44
MERGED from [com.android.support:support-media-compat:28.0.0] AndroidManifest.xml:20:5-44
MERGED from [com.android.support:transition:28.0.0] AndroidManifest.xml:20:5-44
MERGED from [com.android.support:transition:28.0.0] AndroidManifest.xml:20:5-44
MERGED from [com.android.support:loader:28.0.0] AndroidManifest.xml:20:5-44
MERGED from [com.android.support:loader:28.0.0] AndroidManifest.xml:20:5-44
MERGED from [com.android.support:viewpager:28.0.0] AndroidManifest.xml:20:5-44
MERGED from [com.android.support:viewpager:28.0.0] AndroidManifest.xml:20:5-44
MERGED from [com.android.support:coordinatorlayout:28.0.0] AndroidManifest.xml:20:5-44
MERGED from [com.android.support:coordinatorlayout:28.0.0] AndroidManifest.xml:20:5-44
MERGED from [com.android.support:drawerlayout:28.0.0] AndroidManifest.xml:20:5-44
MERGED from [com.android.support:drawerlayout:28.0.0] AndroidManifest.xml:20:5-44
MERGED from [com.android.support:slidingpanelayout:28.0.0] AndroidManifest.xml:20:5-44
MERGED from [com.android.support:slidingpanelayout:28.0.0] AndroidManifest.xml:20:5-44
MERGED from [com.android.support:customview:28.0.0] AndroidManifest.xml:20:5-44
MERGED from [com.android.support:customview:28.0.0] AndroidManifest.xml:20:5-44
MERGED from [com.android.support:swiperefreshlayout:28.0.0] AndroidManifest.xml:20:5-44
MERGED from [com.android.support:swiperefreshlayout:28.0.0] AndroidManifest.xml:20:5-44
MERGED from [com.android.support:asynclayoutinflater:28.0.0] AndroidManifest.xml:20:5-44
MERGED from [com.android.support:asynclayoutinflater:28.0.0] AndroidManifest.xml:20:5-44
MERGED from [com.android.support:support-compat:28.0.0] AndroidManifest.xml:20:5-44
MERGED from [com.android.support:support-compat:28.0.0] AndroidManifest.xml:20:5-44
MERGED from [com.android.support:versionedparcelable:28.0.0] AndroidManifest.xml:20:5-44
MERGED from [com.android.support:versionedparcelable:28.0.0] AndroidManifest.xml:20:5-44
MERGED from [com.android.support:cursoradapter:28.0.0] AndroidManifest.xml:20:5-44
MERGED from [com.android.support:cursoradapter:28.0.0] AndroidManifest.xml:20:5-44
MERGED from [android.arch.lifecycle:runtime:1.1.1] AndroidManifest.xml:20:5-44
MERGED from [android.arch.lifecycle:runtime:1.1.1] AndroidManifest.xml:20:5-44
MERGED from [com.android.support:documentfile:28.0.0] AndroidManifest.xml:20:5-44
MERGED from [com.android.support:documentfile:28.0.0] AndroidManifest.xml:20:5-44
MERGED from [com.android.support:localbroadcastmanager:28.0.0] AndroidManifest.xml:20:5-44
MERGED from [com.android.support:localbroadcastmanager:28.0.0] AndroidManifest.xml:20:5-44
MERGED from [com.android.support:print:28.0.0] AndroidManifest.xml:20:5-44
MERGED from [com.android.support:print:28.0.0] AndroidManifest.xml:20:5-44
MERGED from [android.arch.lifecycle:viewmodel:1.1.1] AndroidManifest.xml:20:5-44
MERGED from [android.arch.lifecycle:viewmodel:1.1.1] AndroidManifest.xml:20:5-44
MERGED from [com.android.support:interpolator:28.0.0] AndroidManifest.xml:20:5-44
MERGED from [com.android.support:interpolator:28.0.0] AndroidManifest.xml:20:5-44
MERGED from [android.arch.lifecycle:livedata:1.1.1] AndroidManifest.xml:20:5-44
MERGED from [android.arch.lifecycle:livedata:1.1.1] AndroidManifest.xml:20:5-44
MERGED from [android.arch.lifecycle:livedata-core:1.1.1] AndroidManifest.xml:20:5-44
MERGED from [android.arch.lifecycle:livedata-core:1.1.1] AndroidManifest.xml:20:5-44
MERGED from [android.arch.core:runtime:1.1.1] AndroidManifest.xml:20:5-44
MERGED from [android.arch.core:runtime:1.1.1] AndroidManifest.xml:20:5-44
INJECTED from src\main\AndroidManifest.xml
INJECTED from src\main\AndroidManifest.xml
	android:targetSdkVersion
		INJECTED from src\main\AndroidManifest.xml
		ADDED from src\main\AndroidManifest.xml
		INJECTED from src\main\AndroidManifest.xml
	android:minSdkVersion
		INJECTED from src\main\AndroidManifest.xml
		ADDED from src\main\AndroidManifest.xml
		INJECTED from src\main\AndroidManifest.xml